# JRE version: OpenJDK Runtime Environment Temurin-21.0.11+10 (21.0.11+10) (build 21.0.11+10-LTS)
# Java VM: OpenJDK 64-Bit Server VM Temurin-21.0.11+10 (21.0.11+10-LTS, mixed mode, sharing, tiered, compressed oops, compressed class ptrs, parallel gc, windows-amd64)
GC Precious Log:
 CardTable entry size: 512
 CPUs: 4 total, 4 available
 Memory: 8080M
 Large Page Support: Disabled
 NUMA Support: Disabled
 Compressed Oops: Enabled (32-bit)
 Alignments: Space 512K, Generation 512K, Heap 2M
 Heap Min Capacity: 100M
 Heap Initial Capacity: 100M
 Heap Max Capacity: 2G
 Pre-touch: Disabled
 Parallel Workers: 4
Heap:
 PSYoungGen      total 22016K, used 18414K [0x00000000d5580000, 0x00000000d6c00000, 0x0000000100000000)
  eden space 21504K, 85% used [0x00000000d5580000,0x00000000d677bbd0,0x00000000d6a80000)
  from space 512K, 0% used [0x00000000d6b80000,0x00000000d6b80000,0x00000000d6c00000)
  to   space 512K, 0% used [0x00000000d6b00000,0x00000000d6b00000,0x00000000d6b80000)
 ParOldGen       total 70656K, used 52994K [0x0000000080000000, 0x0000000084500000, 0x00000000d5580000)
  object space 70656K, 75% used [0x0000000080000000,0x00000000833c0990,0x0000000084500000)
 Metaspace       used 60124K, committed 61568K, reserved 1114112K
  class space    used 6376K, committed 7040K, reserved 1048576K
GC Heap History (20 events):
Event: 46.534 GC heap before
{Heap before GC invocations=50 (full 2):
 PSYoungGen      total 22528K, used 22436K [0x00000000d5580000, 0x00000000d6d00000, 0x0000000100000000)
  eden space 22016K, 100% used [0x00000000d5580000,0x00000000d6b00000,0x00000000d6b00000)
  from space 512K, 82% used [0x00000000d6c00000,0x00000000d6c692f8,0x00000000d6c80000)
  to   space 512K, 0% used [0x00000000d6c80000,0x00000000d6c80000,0x00000000d6d00000)
 ParOldGen       total 68608K, used 66576K [0x0000000080000000, 0x0000000084300000, 0x00000000d5580000)
  object space 68608K, 97% used [0x0000000080000000,0x00000000841043e0,0x0000000084300000)
 Metaspace       used 53517K, committed 54976K, reserved 1114112K
  class space    used 5686K, committed 6336K, reserved 1048576K
}
Event: 46.535 GC heap after
{Heap after GC invocations=50 (full 2):
 PSYoungGen      total 22528K, used 486K [0x00000000d5580000, 0x00000000d6d00000, 0x0000000100000000)
  eden space 22016K, 0% used [0x00000000d5580000,0x00000000d5580000,0x00000000d6b00000)
  from space 512K, 95% used [0x00000000d6c80000,0x00000000d6cf9bc0,0x00000000d6d00000)
  to   space 512K, 0% used [0x00000000d6c00000,0x00000000d6c00000,0x00000000d6c80000)
 ParOldGen       total 68608K, used 66624K [0x0000000080000000, 0x0000000084300000, 0x00000000d5580000)
  object space 68608K, 97% used [0x0000000080000000,0x00000000841103e0,0x0000000084300000)
 Metaspace       used 53517K, committed 54976K, reserved 1114112K
  class space    used 5686K, committed 6336K, reserved 1048576K
}
Event: 46.631 GC heap before
{Heap before GC invocations=51 (full 2):
 PSYoungGen      total 22528K, used 22502K [0x00000000d5580000, 0x00000000d6d00000, 0x0000000100000000)
  eden space 22016K, 100% used [0x00000000d5580000,0x00000000d6b00000,0x00000000d6b00000)
  from space 512K, 95% used [0x00000000d6c80000,0x00000000d6cf9bc0,0x00000000d6d00000)
  to   space 512K, 0% used [0x00000000d6c00000,0x00000000d6c00000,0x00000000d6c80000)
 ParOldGen       total 68608K, used 66624K [0x0000000080000000, 0x0000000084300000, 0x00000000d5580000)
  object space 68608K, 97% used [0x0000000080000000,0x00000000841103e0,0x0000000084300000)
 Metaspace       used 53635K, committed 55040K, reserved 1114112K
  class space    used 5699K, committed 6336K, reserved 1048576K
}
Event: 46.633 GC heap after
{Heap after GC invocations=51 (full 2):
 PSYoungGen      total 22528K, used 498K [0x00000000d5580000, 0x00000000d6d00000, 0x0000000100000000)
  eden space 22016K, 0% used [0x00000000d5580000,0x00000000d5580000,0x00000000d6b00000)
  from space 512K, 97% used [0x00000000d6c00000,0x00000000d6c7cb40,0x00000000d6c80000)
  to   space 512K, 0% used [0x00000000d6c80000,0x00000000d6c80000,0x00000000d6d00000)
 ParOldGen       total 68608K, used 66688K [0x0000000080000000, 0x0000000084300000, 0x00000000d5580000)
  object space 68608K, 97% used [0x0000000080000000,0x00000000841203e0,0x0000000084300000)
 Metaspace       used 53635K, committed 55040K, reserved 1114112K
  class space    used 5699K, committed 6336K, reserved 1048576K
}
Event: 46.723 GC heap before
{Heap before GC invocations=52 (full 2):
 PSYoungGen      total 22528K, used 22514K [0x00000000d5580000, 0x00000000d6d00000, 0x0000000100000000)
  eden space 22016K, 100% used [0x00000000d5580000,0x00000000d6b00000,0x00000000d6b00000)
  from space 512K, 97% used [0x00000000d6c00000,0x00000000d6c7cb40,0x00000000d6c80000)
  to   space 512K, 0% used [0x00000000d6c80000,0x00000000d6c80000,0x00000000d6d00000)
 ParOldGen       total 68608K, used 66688K [0x0000000080000000, 0x0000000084300000, 0x00000000d5580000)
  object space 68608K, 97% used [0x0000000080000000,0x00000000841203e0,0x0000000084300000)
 Metaspace       used 53649K, committed 55040K, reserved 1114112K
  class space    used 5699K, committed 6336K, reserved 1048576K
}
Event: 46.725 GC heap after
{Heap after GC invocations=52 (full 2):
 PSYoungGen      total 22528K, used 452K [0x00000000d5580000, 0x00000000d6d00000, 0x0000000100000000)
  eden space 22016K, 0% used [0x00000000d5580000,0x00000000d5580000,0x00000000d6b00000)
  from space 512K, 88% used [0x00000000d6c80000,0x00000000d6cf12f8,0x00000000d6d00000)
  to   space 512K, 0% used [0x00000000d6c00000,0x00000000d6c00000,0x00000000d6c80000)
 ParOldGen       total 68608K, used 67384K [0x0000000080000000, 0x0000000084300000, 0x00000000d5580000)
  object space 68608K, 98% used [0x0000000080000000,0x00000000841ce0f0,0x0000000084300000)
 Metaspace       used 53649K, committed 55040K, reserved 1114112K
  class space    used 5699K, committed 6336K, reserved 1048576K
}
Event: 46.788 GC heap before
{Heap before GC invocations=53 (full 2):
 PSYoungGen      total 22528K, used 22468K [0x00000000d5580000, 0x00000000d6d00000, 0x0000000100000000)
  eden space 22016K, 100% used [0x00000000d5580000,0x00000000d6b00000,0x00000000d6b00000)
  from space 512K, 88% used [0x00000000d6c80000,0x00000000d6cf12f8,0x00000000d6d00000)
  to   space 512K, 0% used [0x00000000d6c00000,0x00000000d6c00000,0x00000000d6c80000)
 ParOldGen       total 68608K, used 67384K [0x0000000080000000, 0x0000000084300000, 0x00000000d5580000)
  object space 68608K, 98% used [0x0000000080000000,0x00000000841ce0f0,0x0000000084300000)
 Metaspace       used 53658K, committed 55040K, reserved 1114112K
  class space    used 5699K, committed 6336K, reserved 1048576K
}
Event: 46.789 GC heap after
{Heap after GC invocations=53 (full 2):
 PSYoungGen      total 22528K, used 512K [0x00000000d5580000, 0x00000000d6d00000, 0x0000000100000000)
  eden space 22016K, 0% used [0x00000000d5580000,0x00000000d5580000,0x00000000d6b00000)
  from space 512K, 100% used [0x00000000d6c00000,0x00000000d6c80000,0x00000000d6c80000)
  to   space 512K, 0% used [0x00000000d6c80000,0x00000000d6c80000,0x00000000d6d00000)
 ParOldGen       total 68608K, used 67728K [0x0000000080000000, 0x0000000084300000, 0x00000000d5580000)
  object space 68608K, 98% used [0x0000000080000000,0x00000000842240f0,0x0000000084300000)
 Metaspace       used 53658K, committed 55040K, reserved 1114112K
  class space    used 5699K, committed 6336K, reserved 1048576K
}
Event: 47.067 GC heap before
{Heap before GC invocations=54 (full 2):
 PSYoungGen      total 22528K, used 22528K [0x00000000d5580000, 0x00000000d6d00000, 0x0000000100000000)
  eden space 22016K, 100% used [0x00000000d5580000,0x00000000d6b00000,0x00000000d6b00000)
  from space 512K, 100% used [0x00000000d6c00000,0x00000000d6c80000,0x00000000d6c80000)
  to   space 512K, 0% used [0x00000000d6c80000,0x00000000d6c80000,0x00000000d6d00000)
 ParOldGen       total 68608K, used 67728K [0x0000000080000000, 0x0000000084300000, 0x00000000d5580000)
  object space 68608K, 98% used [0x0000000080000000,0x00000000842240f0,0x0000000084300000)
 Metaspace       used 55210K, committed 56576K, reserved 1114112K
  class space    used 5900K, committed 6528K, reserved 1048576K
}
Event: 47.070 GC heap after
{Heap after GC invocations=54 (full 2):
 PSYoungGen      total 22528K, used 498K [0x00000000d5580000, 0x00000000d6e00000, 0x0000000100000000)
  eden space 22016K, 0% used [0x00000000d5580000,0x00000000d5580000,0x00000000d6b00000)
  from space 512K, 97% used [0x00000000d6c80000,0x00000000d6cfcb08,0x00000000d6d00000)
  to   space 1536K, 0% used [0x00000000d6b00000,0x00000000d6b00000,0x00000000d6c80000)
 ParOldGen       total 68608K, used 68463K [0x0000000080000000, 0x0000000084300000, 0x00000000d5580000)
  object space 68608K, 99% used [0x0000000080000000,0x00000000842dbd58,0x0000000084300000)
 Metaspace       used 55210K, committed 56576K, reserved 1114112K
  class space    used 5900K, committed 6528K, reserved 1048576K
}
Event: 47.476 GC heap before
{Heap before GC invocations=55 (full 2):
 PSYoungGen      total 22528K, used 22514K [0x00000000d5580000, 0x00000000d6e00000, 0x0000000100000000)
  eden space 22016K, 100% used [0x00000000d5580000,0x00000000d6b00000,0x00000000d6b00000)
  from space 512K, 97% used [0x00000000d6c80000,0x00000000d6cfcb08,0x00000000d6d00000)
  to   space 1536K, 0% used [0x00000000d6b00000,0x00000000d6b00000,0x00000000d6c80000)
 ParOldGen       total 68608K, used 68463K [0x0000000080000000, 0x0000000084300000, 0x00000000d5580000)
  object space 68608K, 99% used [0x0000000080000000,0x00000000842dbd58,0x0000000084300000)
 Metaspace       used 56521K, committed 57920K, reserved 1114112K
  class space    used 6035K, committed 6656K, reserved 1048576K
}
Event: 47.478 GC heap after
{Heap after GC invocations=55 (full 2):
 PSYoungGen      total 22528K, used 288K [0x00000000d5580000, 0x00000000d6d00000, 0x0000000100000000)
  eden space 22016K, 0% used [0x00000000d5580000,0x00000000d5580000,0x00000000d6b00000)
  from space 512K, 56% used [0x00000000d6b00000,0x00000000d6b48000,0x00000000d6b80000)
  to   space 1024K, 0% used [0x00000000d6c00000,0x00000000d6c00000,0x00000000d6d00000)
 ParOldGen       total 69120K, used 68940K [0x0000000080000000, 0x0000000084380000, 0x00000000d5580000)
  object space 69120K, 99% used [0x0000000080000000,0x00000000843533e0,0x0000000084380000)
 Metaspace       used 56521K, committed 57920K, reserved 1114112K
  class space    used 6035K, committed 6656K, reserved 1048576K
}
Event: 47.719 GC heap before
{Heap before GC invocations=56 (full 2):
 PSYoungGen      total 22528K, used 22304K [0x00000000d5580000, 0x00000000d6d00000, 0x0000000100000000)
  eden space 22016K, 100% used [0x00000000d5580000,0x00000000d6b00000,0x00000000d6b00000)
  from space 512K, 56% used [0x00000000d6b00000,0x00000000d6b48000,0x00000000d6b80000)
  to   space 1024K, 0% used [0x00000000d6c00000,0x00000000d6c00000,0x00000000d6d00000)
 ParOldGen       total 69120K, used 68940K [0x0000000080000000, 0x0000000084380000, 0x00000000d5580000)
  object space 69120K, 99% used [0x0000000080000000,0x00000000843533e0,0x0000000084380000)
 Metaspace       used 57743K, committed 59136K, reserved 1114112K
  class space    used 6142K, committed 6784K, reserved 1048576K
}
Event: 47.720 GC heap after
{Heap after GC invocations=56 (full 2):
 PSYoungGen      total 22528K, used 1012K [0x00000000d5580000, 0x00000000d6e00000, 0x0000000100000000)
  eden space 21504K, 0% used [0x00000000d5580000,0x00000000d5580000,0x00000000d6a80000)
  from space 1024K, 98% used [0x00000000d6c00000,0x00000000d6cfd0c0,0x00000000d6d00000)
  to   space 1536K, 0% used [0x00000000d6a80000,0x00000000d6a80000,0x00000000d6c00000)
 ParOldGen       total 69632K, used 69363K [0x0000000080000000, 0x0000000084400000, 0x00000000d5580000)
  object space 69632K, 99% used [0x0000000080000000,0x00000000843bcf08,0x0000000084400000)
 Metaspace       used 57743K, committed 59136K, reserved 1114112K
  class space    used 6142K, committed 6784K, reserved 1048576K
}
Event: 47.800 GC heap before
{Heap before GC invocations=57 (full 2):
 PSYoungGen      total 22528K, used 22516K [0x00000000d5580000, 0x00000000d6e00000, 0x0000000100000000)
  eden space 21504K, 100% used [0x00000000d5580000,0x00000000d6a80000,0x00000000d6a80000)
  from space 1024K, 98% used [0x00000000d6c00000,0x00000000d6cfd0c0,0x00000000d6d00000)
  to   space 1536K, 0% used [0x00000000d6a80000,0x00000000d6a80000,0x00000000d6c00000)
 ParOldGen       total 69632K, used 69363K [0x0000000080000000, 0x0000000084400000, 0x00000000d5580000)
  object space 69632K, 99% used [0x0000000080000000,0x00000000843bcf08,0x0000000084400000)
 Metaspace       used 57758K, committed 59136K, reserved 1114112K
  class space    used 6142K, committed 6784K, reserved 1048576K
}
Event: 47.803 GC heap after
{Heap after GC invocations=57 (full 2):
 PSYoungGen      total 22528K, used 861K [0x00000000d5580000, 0x00000000d6c80000, 0x0000000100000000)
  eden space 21504K, 0% used [0x00000000d5580000,0x00000000d5580000,0x00000000d6a80000)
  from space 1024K, 84% used [0x00000000d6a80000,0x00000000d6b57458,0x00000000d6b80000)
  to   space 1024K, 0% used [0x00000000d6b80000,0x00000000d6b80000,0x00000000d6c80000)
 ParOldGen       total 70656K, used 70152K [0x0000000080000000, 0x0000000084500000, 0x00000000d5580000)
  object space 70656K, 99% used [0x0000000080000000,0x0000000084482080,0x0000000084500000)
 Metaspace       used 57758K, committed 59136K, reserved 1114112K
  class space    used 6142K, committed 6784K, reserved 1048576K
}
Event: 47.857 GC heap before
{Heap before GC invocations=58 (full 2):
 PSYoungGen      total 22528K, used 8138K [0x00000000d5580000, 0x00000000d6c80000, 0x0000000100000000)
  eden space 21504K, 33% used [0x00000000d5580000,0x00000000d5c9b448,0x00000000d6a80000)
  from space 1024K, 84% used [0x00000000d6a80000,0x00000000d6b57458,0x00000000d6b80000)
  to   space 1024K, 0% used [0x00000000d6b80000,0x00000000d6b80000,0x00000000d6c80000)
 ParOldGen       total 70656K, used 70152K [0x0000000080000000, 0x0000000084500000, 0x00000000d5580000)
  object space 70656K, 99% used [0x0000000080000000,0x0000000084482080,0x0000000084500000)
 Metaspace       used 58427K, committed 59776K, reserved 1114112K
  class space    used 6200K, committed 6848K, reserved 1048576K
}
Event: 47.858 GC heap after
{Heap after GC invocations=58 (full 2):
 PSYoungGen      total 22016K, used 128K [0x00000000d5580000, 0x00000000d6c00000, 0x0000000100000000)
  eden space 21504K, 0% used [0x00000000d5580000,0x00000000d5580000,0x00000000d6a80000)
  from space 512K, 25% used [0x00000000d6b80000,0x00000000d6ba0000,0x00000000d6c00000)
  to   space 512K, 0% used [0x00000000d6b00000,0x00000000d6b00000,0x00000000d6b80000)
 ParOldGen       total 70656K, used 70168K [0x0000000080000000, 0x0000000084500000, 0x00000000d5580000)
  object space 70656K, 99% used [0x0000000080000000,0x0000000084486080,0x0000000084500000)
 Metaspace       used 58427K, committed 59776K, reserved 1114112K
  class space    used 6200K, committed 6848K, reserved 1048576K
}
Event: 47.858 GC heap before
{Heap before GC invocations=59 (full 3):
 PSYoungGen      total 22016K, used 128K [0x00000000d5580000, 0x00000000d6c00000, 0x0000000100000000)
  eden space 21504K, 0% used [0x00000000d5580000,0x00000000d5580000,0x00000000d6a80000)
  from space 512K, 25% used [0x00000000d6b80000,0x00000000d6ba0000,0x00000000d6c00000)
  to   space 512K, 0% used [0x00000000d6b00000,0x00000000d6b00000,0x00000000d6b80000)
 ParOldGen       total 70656K, used 70168K [0x0000000080000000, 0x0000000084500000, 0x00000000d5580000)
  object space 70656K, 99% used [0x0000000080000000,0x0000000084486080,0x0000000084500000)
 Metaspace       used 58427K, committed 59776K, reserved 1114112K
  class space    used 6200K, committed 6848K, reserved 1048576K
}
Event: 48.062 GC heap after
{Heap after GC invocations=59 (full 3):
 PSYoungGen      total 22016K, used 0K [0x00000000d5580000, 0x00000000d6c00000, 0x0000000100000000)
  eden space 21504K, 0% used [0x00000000d5580000,0x00000000d5580000,0x00000000d6a80000)
  from space 512K, 0% used [0x00000000d6b80000,0x00000000d6b80000,0x00000000d6c00000)
  to   space 512K, 0% used [0x00000000d6b00000,0x00000000d6b00000,0x00000000d6b80000)
 ParOldGen       total 70656K, used 52994K [0x0000000080000000, 0x0000000084500000, 0x00000000d5580000)
  object space 70656K, 75% used [0x0000000080000000,0x00000000833c0990,0x0000000084500000)
 Metaspace       used 58422K, committed 59776K, reserved 1114112K
  class space    used 6199K, committed 6848K, reserved 1048576K
}

