# JRE version: OpenJDK Runtime Environment Temurin-21.0.11+10 (21.0.11+10) (build 21.0.11+10-LTS)
# Java VM: OpenJDK 64-Bit Server VM Temurin-21.0.11+10 (21.0.11+10-LTS, mixed mode, sharing, tiered, compressed oops, compressed class ptrs, parallel gc, windows-amd64)
GC Precious Log:
 CardTable entry size: 512
 CPUs: 16 total, 16 available
 Memory: 16008M
 Large Page Support: Disabled
 NUMA Support: Disabled
 Compressed Oops: Enabled (32-bit)
 Alignments: Space 512K, Generation 512K, Heap 2M
 Heap Min Capacity: 100M
 Heap Initial Capacity: 100M
 Heap Max Capacity: 2G
 Pre-touch: Disabled
 Parallel Workers: 13
Heap:
 PSYoungGen      total 5632K, used 5024K [0x00000000d5580000, 0x00000000d5d80000, 0x0000000100000000)
  eden space 4096K, 100% used [0x00000000d5580000,0x00000000d5980000,0x00000000d5980000)
  from space 1536K, 60% used [0x00000000d5980000,0x00000000d5a68000,0x00000000d5b00000)
  to   space 1536K, 0% used [0x00000000d5c00000,0x00000000d5c00000,0x00000000d5d80000)
 ParOldGen       total 993792K, used 993390K [0x0000000080000000, 0x00000000bca80000, 0x00000000d5580000)
  object space 993792K, 99% used [0x0000000080000000,0x00000000bca1bae8,0x00000000bca80000)
 Metaspace       used 86383K, committed 88064K, reserved 1179648K
  class space    used 8597K, committed 9344K, reserved 1048576K
GC Heap History (20 events):
Event: 6373.061 GC heap before
{Heap before GC invocations=1699 (full 6):
 PSYoungGen      total 5120K, used 4914K [0x00000000d5580000, 0x00000000d5e00000, 0x0000000100000000)
  eden space 4096K, 100% used [0x00000000d5580000,0x00000000d5980000,0x00000000d5980000)
  from space 1024K, 79% used [0x00000000d5a80000,0x00000000d5b4c858,0x00000000d5b80000)
  to   space 2048K, 0% used [0x00000000d5c00000,0x00000000d5c00000,0x00000000d5e00000)
 ParOldGen       total 980992K, used 980608K [0x0000000080000000, 0x00000000bbe00000, 0x00000000d5580000)
  object space 980992K, 99% used [0x0000000080000000,0x00000000bbda0078,0x00000000bbe00000)
 Metaspace       used 86358K, committed 88000K, reserved 1179648K
  class space    used 8597K, committed 9344K, reserved 1048576K
}
Event: 6373.065 GC heap after
{Heap after GC invocations=1699 (full 6):
 PSYoungGen      total 5632K, used 1074K [0x00000000d5580000, 0x00000000d5d80000, 0x0000000100000000)
  eden space 4096K, 0% used [0x00000000d5580000,0x00000000d5580000,0x00000000d5980000)
  from space 1536K, 69% used [0x00000000d5c00000,0x00000000d5d0cbb8,0x00000000d5d80000)
  to   space 1536K, 0% used [0x00000000d5a80000,0x00000000d5a80000,0x00000000d5c00000)
 ParOldGen       total 981504K, used 981082K [0x0000000080000000, 0x00000000bbe80000, 0x00000000d5580000)
  object space 981504K, 99% used [0x0000000080000000,0x00000000bbe16bc8,0x00000000bbe80000)
 Metaspace       used 86358K, committed 88000K, reserved 1179648K
  class space    used 8597K, committed 9344K, reserved 1048576K
}
Event: 6373.117 GC heap before
{Heap before GC invocations=1700 (full 6):
 PSYoungGen      total 5632K, used 5170K [0x00000000d5580000, 0x00000000d5d80000, 0x0000000100000000)
  eden space 4096K, 100% used [0x00000000d5580000,0x00000000d5980000,0x00000000d5980000)
  from space 1536K, 69% used [0x00000000d5c00000,0x00000000d5d0cbb8,0x00000000d5d80000)
  to   space 1536K, 0% used [0x00000000d5a80000,0x00000000d5a80000,0x00000000d5c00000)
 ParOldGen       total 981504K, used 981082K [0x0000000080000000, 0x00000000bbe80000, 0x00000000d5580000)
  object space 981504K, 99% used [0x0000000080000000,0x00000000bbe16bc8,0x00000000bbe80000)
 Metaspace       used 86358K, committed 88000K, reserved 1179648K
  class space    used 8597K, committed 9344K, reserved 1048576K
}
Event: 6373.123 GC heap after
{Heap after GC invocations=1700 (full 6):
 PSYoungGen      total 5632K, used 1536K [0x00000000d5580000, 0x00000000d5d80000, 0x0000000100000000)
  eden space 4096K, 0% used [0x00000000d5580000,0x00000000d5580000,0x00000000d5980000)
  from space 1536K, 100% used [0x00000000d5a80000,0x00000000d5c00000,0x00000000d5c00000)
  to   space 1536K, 0% used [0x00000000d5c00000,0x00000000d5c00000,0x00000000d5d80000)
 ParOldGen       total 982528K, used 982035K [0x0000000080000000, 0x00000000bbf80000, 0x00000000d5580000)
  object space 982528K, 99% used [0x0000000080000000,0x00000000bbf04cd8,0x00000000bbf80000)
 Metaspace       used 86358K, committed 88000K, reserved 1179648K
  class space    used 8597K, committed 9344K, reserved 1048576K
}
Event: 6373.141 GC heap before
{Heap before GC invocations=1701 (full 6):
 PSYoungGen      total 5632K, used 5632K [0x00000000d5580000, 0x00000000d5d80000, 0x0000000100000000)
  eden space 4096K, 100% used [0x00000000d5580000,0x00000000d5980000,0x00000000d5980000)
  from space 1536K, 100% used [0x00000000d5a80000,0x00000000d5c00000,0x00000000d5c00000)
  to   space 1536K, 0% used [0x00000000d5c00000,0x00000000d5c00000,0x00000000d5d80000)
 ParOldGen       total 982528K, used 982035K [0x0000000080000000, 0x00000000bbf80000, 0x00000000d5580000)
  object space 982528K, 99% used [0x0000000080000000,0x00000000bbf04cd8,0x00000000bbf80000)
 Metaspace       used 86360K, committed 88000K, reserved 1179648K
  class space    used 8597K, committed 9344K, reserved 1048576K
}
Event: 6373.147 GC heap after
{Heap after GC invocations=1701 (full 6):
 PSYoungGen      total 5120K, used 992K [0x00000000d5580000, 0x00000000d5d00000, 0x0000000100000000)
  eden space 4096K, 0% used [0x00000000d5580000,0x00000000d5580000,0x00000000d5980000)
  from space 1024K, 96% used [0x00000000d5c00000,0x00000000d5cf8010,0x00000000d5d00000)
  to   space 1536K, 0% used [0x00000000d5a00000,0x00000000d5a00000,0x00000000d5b80000)
 ParOldGen       total 983552K, used 983444K [0x0000000080000000, 0x00000000bc080000, 0x00000000d5580000)
  object space 983552K, 99% used [0x0000000080000000,0x00000000bc065318,0x00000000bc080000)
 Metaspace       used 86360K, committed 88000K, reserved 1179648K
  class space    used 8597K, committed 9344K, reserved 1048576K
}
Event: 6373.176 GC heap before
{Heap before GC invocations=1702 (full 6):
 PSYoungGen      total 5120K, used 5088K [0x00000000d5580000, 0x00000000d5d00000, 0x0000000100000000)
  eden space 4096K, 100% used [0x00000000d5580000,0x00000000d5980000,0x00000000d5980000)
  from space 1024K, 96% used [0x00000000d5c00000,0x00000000d5cf8010,0x00000000d5d00000)
  to   space 1536K, 0% used [0x00000000d5a00000,0x00000000d5a00000,0x00000000d5b80000)
 ParOldGen       total 983552K, used 983444K [0x0000000080000000, 0x00000000bc080000, 0x00000000d5580000)
  object space 983552K, 99% used [0x0000000080000000,0x00000000bc065318,0x00000000bc080000)
 Metaspace       used 86366K, committed 88000K, reserved 1179648K
  class space    used 8597K, committed 9344K, reserved 1048576K
}
Event: 6373.182 GC heap after
{Heap after GC invocations=1702 (full 6):
 PSYoungGen      total 5632K, used 978K [0x00000000d5580000, 0x00000000d5c80000, 0x0000000100000000)
  eden space 4096K, 0% used [0x00000000d5580000,0x00000000d5580000,0x00000000d5980000)
  from space 1536K, 63% used [0x00000000d5a00000,0x00000000d5af4bb8,0x00000000d5b80000)
  to   space 1024K, 0% used [0x00000000d5b80000,0x00000000d5b80000,0x00000000d5c80000)
 ParOldGen       total 984576K, used 984260K [0x0000000080000000, 0x00000000bc180000, 0x00000000d5580000)
  object space 984576K, 99% used [0x0000000080000000,0x00000000bc131328,0x00000000bc180000)
 Metaspace       used 86366K, committed 88000K, reserved 1179648K
  class space    used 8597K, committed 9344K, reserved 1048576K
}
Event: 6373.205 GC heap before
{Heap before GC invocations=1703 (full 6):
 PSYoungGen      total 5632K, used 5074K [0x00000000d5580000, 0x00000000d5c80000, 0x0000000100000000)
  eden space 4096K, 100% used [0x00000000d5580000,0x00000000d5980000,0x00000000d5980000)
  from space 1536K, 63% used [0x00000000d5a00000,0x00000000d5af4bb8,0x00000000d5b80000)
  to   space 1024K, 0% used [0x00000000d5b80000,0x00000000d5b80000,0x00000000d5c80000)
 ParOldGen       total 984576K, used 984260K [0x0000000080000000, 0x00000000bc180000, 0x00000000d5580000)
  object space 984576K, 99% used [0x0000000080000000,0x00000000bc131328,0x00000000bc180000)
 Metaspace       used 86368K, committed 88000K, reserved 1179648K
  class space    used 8597K, committed 9344K, reserved 1048576K
}
Event: 6373.211 GC heap after
{Heap after GC invocations=1703 (full 6):
 PSYoungGen      total 5120K, used 532K [0x00000000d5580000, 0x00000000d5c80000, 0x0000000100000000)
  eden space 4096K, 0% used [0x00000000d5580000,0x00000000d5580000,0x00000000d5980000)
  from space 1024K, 52% used [0x00000000d5b80000,0x00000000d5c05220,0x00000000d5c80000)
  to   space 1024K, 0% used [0x00000000d5a80000,0x00000000d5a80000,0x00000000d5b80000)
 ParOldGen       total 985600K, used 985089K [0x0000000080000000, 0x00000000bc280000, 0x00000000d5580000)
  object space 985600K, 99% used [0x0000000080000000,0x00000000bc2005a0,0x00000000bc280000)
 Metaspace       used 86368K, committed 88000K, reserved 1179648K
  class space    used 8597K, committed 9344K, reserved 1048576K
}
Event: 6373.241 GC heap before
{Heap before GC invocations=1704 (full 6):
 PSYoungGen      total 5120K, used 4628K [0x00000000d5580000, 0x00000000d5c80000, 0x0000000100000000)
  eden space 4096K, 100% used [0x00000000d5580000,0x00000000d5980000,0x00000000d5980000)
  from space 1024K, 52% used [0x00000000d5b80000,0x00000000d5c05220,0x00000000d5c80000)
  to   space 1024K, 0% used [0x00000000d5a80000,0x00000000d5a80000,0x00000000d5b80000)
 ParOldGen       total 985600K, used 985089K [0x0000000080000000, 0x00000000bc280000, 0x00000000d5580000)
  object space 985600K, 99% used [0x0000000080000000,0x00000000bc2005a0,0x00000000bc280000)
 Metaspace       used 86368K, committed 88000K, reserved 1179648K
  class space    used 8597K, committed 9344K, reserved 1048576K
}
Event: 6373.247 GC heap after
{Heap after GC invocations=1704 (full 6):
 PSYoungGen      total 5120K, used 1021K [0x00000000d5580000, 0x00000000d6180000, 0x0000000100000000)
  eden space 4096K, 0% used [0x00000000d5580000,0x00000000d5580000,0x00000000d5980000)
  from space 1024K, 99% used [0x00000000d5a80000,0x00000000d5b7f5f8,0x00000000d5b80000)
  to   space 4096K, 0% used [0x00000000d5d80000,0x00000000d5d80000,0x00000000d6180000)
 ParOldGen       total 987648K, used 987440K [0x0000000080000000, 0x00000000bc480000, 0x00000000d5580000)
  object space 987648K, 99% used [0x0000000080000000,0x00000000bc44c2f0,0x00000000bc480000)
 Metaspace       used 86368K, committed 88000K, reserved 1179648K
  class space    used 8597K, committed 9344K, reserved 1048576K
}
Event: 6373.289 GC heap before
{Heap before GC invocations=1705 (full 6):
 PSYoungGen      total 5120K, used 5117K [0x00000000d5580000, 0x00000000d6180000, 0x0000000100000000)
  eden space 4096K, 100% used [0x00000000d5580000,0x00000000d5980000,0x00000000d5980000)
  from space 1024K, 99% used [0x00000000d5a80000,0x00000000d5b7f5f8,0x00000000d5b80000)
  to   space 4096K, 0% used [0x00000000d5d80000,0x00000000d5d80000,0x00000000d6180000)
 ParOldGen       total 987648K, used 987440K [0x0000000080000000, 0x00000000bc480000, 0x00000000d5580000)
  object space 987648K, 99% used [0x0000000080000000,0x00000000bc44c2f0,0x00000000bc480000)
 Metaspace       used 86368K, committed 88000K, reserved 1179648K
  class space    used 8597K, committed 9344K, reserved 1048576K
}
Event: 6373.296 GC heap after
{Heap after GC invocations=1705 (full 6):
 PSYoungGen      total 8192K, used 3651K [0x00000000d5580000, 0x00000000d6180000, 0x0000000100000000)
  eden space 4096K, 0% used [0x00000000d5580000,0x00000000d5580000,0x00000000d5980000)
  from space 4096K, 89% used [0x00000000d5d80000,0x00000000d6110f60,0x00000000d6180000)
  to   space 4096K, 0% used [0x00000000d5980000,0x00000000d5980000,0x00000000d5d80000)
 ParOldGen       total 988672K, used 988394K [0x0000000080000000, 0x00000000bc580000, 0x00000000d5580000)
  object space 988672K, 99% used [0x0000000080000000,0x00000000bc53aa90,0x00000000bc580000)
 Metaspace       used 86368K, committed 88000K, reserved 1179648K
  class space    used 8597K, committed 9344K, reserved 1048576K
}
Event: 6373.318 GC heap before
{Heap before GC invocations=1706 (full 6):
 PSYoungGen      total 8192K, used 7747K [0x00000000d5580000, 0x00000000d6180000, 0x0000000100000000)
  eden space 4096K, 100% used [0x00000000d5580000,0x00000000d5980000,0x00000000d5980000)
  from space 4096K, 89% used [0x00000000d5d80000,0x00000000d6110f60,0x00000000d6180000)
  to   space 4096K, 0% used [0x00000000d5980000,0x00000000d5980000,0x00000000d5d80000)
 ParOldGen       total 988672K, used 988394K [0x0000000080000000, 0x00000000bc580000, 0x00000000d5580000)
  object space 988672K, 99% used [0x0000000080000000,0x00000000bc53aa90,0x00000000bc580000)
 Metaspace       used 86369K, committed 88064K, reserved 1179648K
  class space    used 8597K, committed 9344K, reserved 1048576K
}
Event: 6373.325 GC heap after
{Heap after GC invocations=1706 (full 6):
 PSYoungGen      total 5632K, used 1305K [0x00000000d5580000, 0x00000000d5e80000, 0x0000000100000000)
  eden space 4096K, 0% used [0x00000000d5580000,0x00000000d5580000,0x00000000d5980000)
  from space 1536K, 84% used [0x00000000d5980000,0x00000000d5ac6418,0x00000000d5b00000)
  to   space 2560K, 0% used [0x00000000d5c00000,0x00000000d5c00000,0x00000000d5e80000)
 ParOldGen       total 992256K, used 991896K [0x0000000080000000, 0x00000000bc900000, 0x00000000d5580000)
  object space 992256K, 99% used [0x0000000080000000,0x00000000bc8a62c0,0x00000000bc900000)
 Metaspace       used 86369K, committed 88064K, reserved 1179648K
  class space    used 8597K, committed 9344K, reserved 1048576K
}
Event: 6373.374 GC heap before
{Heap before GC invocations=1707 (full 6):
 PSYoungGen      total 5632K, used 5401K [0x00000000d5580000, 0x00000000d5e80000, 0x0000000100000000)
  eden space 4096K, 100% used [0x00000000d5580000,0x00000000d5980000,0x00000000d5980000)
  from space 1536K, 84% used [0x00000000d5980000,0x00000000d5ac6418,0x00000000d5b00000)
  to   space 2560K, 0% used [0x00000000d5c00000,0x00000000d5c00000,0x00000000d5e80000)
 ParOldGen       total 992256K, used 991896K [0x0000000080000000, 0x00000000bc900000, 0x00000000d5580000)
  object space 992256K, 99% used [0x0000000080000000,0x00000000bc8a62c0,0x00000000bc900000)
 Metaspace       used 86370K, committed 88064K, reserved 1179648K
  class space    used 8597K, committed 9344K, reserved 1048576K
}
Event: 6373.381 GC heap after
{Heap after GC invocations=1707 (full 6):
 PSYoungGen      total 5632K, used 1204K [0x00000000d5580000, 0x00000000d5d80000, 0x0000000100000000)
  eden space 4096K, 0% used [0x00000000d5580000,0x00000000d5580000,0x00000000d5980000)
  from space 1536K, 78% used [0x00000000d5c00000,0x00000000d5d2d200,0x00000000d5d80000)
  to   space 1536K, 0% used [0x00000000d5980000,0x00000000d5980000,0x00000000d5b00000)
 ParOldGen       total 992768K, used 992496K [0x0000000080000000, 0x00000000bc980000, 0x00000000d5580000)
  object space 992768K, 99% used [0x0000000080000000,0x00000000bc93c2c0,0x00000000bc980000)
 Metaspace       used 86370K, committed 88064K, reserved 1179648K
  class space    used 8597K, committed 9344K, reserved 1048576K
}
Event: 6373.638 GC heap before
{Heap before GC invocations=1708 (full 6):
 PSYoungGen      total 5632K, used 5300K [0x00000000d5580000, 0x00000000d5d80000, 0x0000000100000000)
  eden space 4096K, 100% used [0x00000000d5580000,0x00000000d5980000,0x00000000d5980000)
  from space 1536K, 78% used [0x00000000d5c00000,0x00000000d5d2d200,0x00000000d5d80000)
  to   space 1536K, 0% used [0x00000000d5980000,0x00000000d5980000,0x00000000d5b00000)
 ParOldGen       total 992768K, used 992496K [0x0000000080000000, 0x00000000bc980000, 0x00000000d5580000)
  object space 992768K, 99% used [0x0000000080000000,0x00000000bc93c2c0,0x00000000bc980000)
 Metaspace       used 86381K, committed 88064K, reserved 1179648K
  class space    used 8597K, committed 9344K, reserved 1048576K
}
Event: 6374.649 GC heap after
{Heap after GC invocations=1708 (full 6):
 PSYoungGen      total 5632K, used 928K [0x00000000d5580000, 0x00000000d5d80000, 0x0000000100000000)
  eden space 4096K, 0% used [0x00000000d5580000,0x00000000d5580000,0x00000000d5980000)
  from space 1536K, 60% used [0x00000000d5980000,0x00000000d5a68000,0x00000000d5b00000)
  to   space 1536K, 0% used [0x00000000d5c00000,0x00000000d5c00000,0x00000000d5d80000)
 ParOldGen       total 993792K, used 993390K [0x0000000080000000, 0x00000000bca80000, 0x00000000d5580000)
  object space 993792K, 99% used [0x0000000080000000,0x00000000bca1bae8,0x00000000bca80000)
 Metaspace       used 86381K, committed 88064K, reserved 1179648K
  class space    used 8597K, committed 9344K, reserved 1048576K
}

